<?xml version="1.0" encoding="UTF-8"?>
<testng-results ignored="0" total="1" passed="1" failed="0" skipped="0">
  <reporter-output>
  </reporter-output>
  <suite started-at="2022-03-25T15:12:10Z" name="All Test Suite" finished-at="2022-03-25T15:12:37Z" duration-ms="26480">
    <groups>
    </groups>
    <test started-at="2022-03-25T15:12:10Z" name="/home/kreios/QA/Demo" finished-at="2022-03-25T15:12:37Z" duration-ms="26480">
      <class name="tests.searchapartment.SearchApartmentTest">
        <test-method signature="showFlats()[pri:0, instance:tests.searchapartment.SearchApartmentTest@66e17eff]" started-at="2022-03-25T15:12:10Z" name="showFlats" finished-at="2022-03-25T15:12:31Z" duration-ms="20542" status="PASS">
          <reporter-output>
          </reporter-output>
        </test-method> <!-- showFlats -->
        <test-method is-config="true" signature="clearCookiesAndLocalStorage()[pri:0, instance:tests.searchapartment.SearchApartmentTest@66e17eff]" started-at="2022-03-25T15:12:31Z" name="clearCookiesAndLocalStorage" finished-at="2022-03-25T15:12:37Z" duration-ms="5556" status="PASS">
          <reporter-output>
          </reporter-output>
        </test-method> <!-- clearCookiesAndLocalStorage -->
        <test-method is-config="true" signature="close()[pri:0, instance:tests.searchapartment.SearchApartmentTest@66e17eff]" started-at="2022-03-25T15:12:37Z" name="close" finished-at="2022-03-25T15:12:37Z" duration-ms="241" status="PASS">
          <reporter-output>
          </reporter-output>
        </test-method> <!-- close -->
      </class> <!-- tests.searchapartment.SearchApartmentTest -->
    </test> <!-- /home/kreios/QA/Demo -->
  </suite> <!-- All Test Suite -->
</testng-results>
